android/build/intermediates/manifest_merge_blame_file/debug/processDebugManifest/manifest-merger-blame-debug-report.txt
1<?xml version="1.0" encoding="utf-8"?>
2<manifest xmlns:android="http://schemas.android.com/apk/res/android"
3    xmlns:tools="http://schemas.android.com/tools"
4    package="com.wireguardvpn" >
5
6    <uses-sdk android:minSdkVersion="21" />
7
8    <uses-permission android:name="android.permission.INTERNET" />
8-->src/main/AndroidManifest.xml:5:5-67
8-->src/main/AndroidManifest.xml:5:22-64
9    <uses-permission android:name="android.permission.FOREGROUND_SERVICE" />
9-->src/main/AndroidManifest.xml:6:5-77
9-->src/main/AndroidManifest.xml:6:22-74
10    <uses-permission android:name="android.permission.BIND_VPN_SERVICE" />
10-->src/main/AndroidManifest.xml:7:5-75
10-->src/main/AndroidManifest.xml:7:22-72
11
12    <application android:networkSecurityConfig="@xml/network_security_config" >
12-->src/main/AndroidManifest.xml:9:5-28:19
12-->src/main/AndroidManifest.xml:9:18-78
13        <service
13-->src/main/AndroidManifest.xml:10:9-17:19
14            android:name="com.wireguardvpn.WireGuardVpnService"
14-->src/main/AndroidManifest.xml:11:13-48
15            android:exported="true"
15-->src/main/AndroidManifest.xml:13:13-36
16            android:permission="android.permission.BIND_VPN_SERVICE" >
16-->src/main/AndroidManifest.xml:12:13-69
17            <intent-filter>
17-->src/main/AndroidManifest.xml:14:13-16:29
18                <action android:name="android.net.VpnService" />
18-->src/main/AndroidManifest.xml:15:17-65
18-->src/main/AndroidManifest.xml:15:25-62
19            </intent-filter>
20        </service>
21
22        <!-- WireGuard GoBackend Service -->
23        <service
23-->src/main/AndroidManifest.xml:20:9-27:19
24            android:name="com.wireguard.android.backend.GoBackend$VpnService"
24-->src/main/AndroidManifest.xml:21:13-78
25            android:exported="true"
25-->src/main/AndroidManifest.xml:23:13-36
26            android:permission="android.permission.BIND_VPN_SERVICE" >
26-->src/main/AndroidManifest.xml:22:13-69
27            <intent-filter>
27-->src/main/AndroidManifest.xml:14:13-16:29
28                <action android:name="android.net.VpnService" />
28-->src/main/AndroidManifest.xml:15:17-65
28-->src/main/AndroidManifest.xml:15:25-62
29            </intent-filter>
30        </service>
31    </application>
32
33</manifest>